<html>
<body>
<pre>
<h1>µVision Build Log</h1>
<h2>Tool Versions:</h2>
IDE-Version: ¦ÌVision V5.41.0.0
Copyright (C) 2024 ARM Ltd and ARM Germany GmbH. All rights reserved.
License Information: 1 2244761520@qq.com, 1, LIC=MPPLD-8K0P4-LQA0Q-NADSA-YWSZV-HJ21D
 
Tool Versions:
Toolchain:       MDK-ARM Plus  Version: 5.41.0.0
Toolchain Path:  E:\software\keil\ARM\ARMCC\Bin
C Compiler:      Armcc.exe V5.06 update 7 (build 960)
Assembler:       Armasm.exe V5.06 update 7 (build 960)
Linker/Locator:  ArmLink.exe V5.06 update 7 (build 960)
Library Manager: ArmAr.exe V5.06 update 7 (build 960)
Hex Converter:   FromElf.exe V5.06 update 7 (build 960)
CPU DLL:         SARMCM3.DLL V5.41.0.0
Dialog DLL:      DCM.DLL V1.17.5.0
Target DLL:      STLink\ST-LINKIII-KEIL_SWO.dll V3.3.0.0
Dialog DLL:      TCM.DLL V1.56.4.0
 
<h2>Project:</h2>
C:\Users\22447\Desktop\Steering_Test\MDK-ARM\RMCB_2022_Dev.uvprojx
Project File Date:  10/28/2025

<h2>Output:</h2>
*** Using Compiler 'V5.06 update 7 (build 960)', folder: 'E:\software\keil\ARM\ARMCC\Bin'
Build target 'RMCB_2022_Dev'
compiling power_control.c...
..\Tasks\power_control.c(124): error:  #35: #error directive: "Need to think about what is the ground for each rls when we use two distinct rls for two different types of motor!!!!"
  #error "Need to think about what is the ground for each rls when we use two distinct rls for two different types of motor!!!!"
..\Tasks\power_control.c: 0 warnings, 1 error
compiling chassis.c...
..\Tasks\chassis.c(81): warning:  #1035-D: single-precision operand implicitly converted to double-precision
      return (1-K_Low)*(old)+K_Low*In;   
..\Tasks\chassis.c(283): error:  #136: struct "<unnamed>"  has no field "sum_abs_w"
  			power.cmd.sum_abs_w = 0.0f;
..\Tasks\chassis.c(284): error:  #136: struct "<unnamed>"  has no field "sum_tau2"
  			power.cmd.sum_tau2  = 0.0f;
..\Tasks\chassis.c(285): error:  #136: struct "<unnamed>"  has no field "sum_tau_w"
  			power.cmd.sum_tau_w = 0.0f;
..\Tasks\chassis.c(297): error:  #136: struct "<unnamed>"  has no field "k1"
  				motor->P_cmd = tau_w + power.info.k1*abs_w + power.info.k2*tau2 + power.info.k3*0.25f; // [W]
..\Tasks\chassis.c(297): error:  #136: struct "<unnamed>"  has no field "k2"
  				motor->P_cmd = tau_w + power.info.k1*abs_w + power.info.k2*tau2 + power.info.k3*0.25f; // [W]
..\Tasks\chassis.c(299): error:  #136: struct "<unnamed>"  has no field "sum_abs_w"
  				power.cmd.sum_abs_w += abs_w;
..\Tasks\chassis.c(300): error:  #136: struct "<unnamed>"  has no field "sum_tau2"
  				power.cmd.sum_tau2  += tau2;
..\Tasks\chassis.c(301): error:  #136: struct "<unnamed>"  has no field "sum_tau_w"
  				power.cmd.sum_tau_w += tau_w;
..\Tasks\chassis.c: 1 warning, 8 errors
"RMCB_2022_Dev\RMCB_2022_Dev.axf" - 9 Error(s), 1 Warning(s).

<h2>Software Packages used:</h2>

Package Vendor: ARM
                https://www.keil.com/pack/ARM.CMSIS.6.1.0.pack
                ARM::CMSIS@6.1.0
                CMSIS (Common Microcontroller Software Interface Standard)
   * Component: CORE Version: 6.1.0

Package Vendor: Keil
                https://www.keil.com/pack/Keil.STM32F4xx_DFP.2.17.1.pack
                Keil::STM32F4xx_DFP@2.17.1
                STMicroelectronics STM32F4 Series Device Support, Drivers and Examples

<h2>Collection of Component include folders:</h2>
  ./RTE/_RMCB_2022_Dev
  C:/Users/22447/AppData/Local/Arm/Packs/ARM/CMSIS/6.1.0/CMSIS/Core/Include
  C:/Users/22447/AppData/Local/Arm/Packs/Keil/STM32F4xx_DFP/2.17.1/Drivers/CMSIS/Device/ST/STM32F4xx/Include

<h2>Collection of Component Files used:</h2>

   * Component: ARM::CMSIS:CORE@6.1.0
      Include file:  CMSIS/Core/Include/tz_context.h
Target not created.
Build Time Elapsed:  00:00:02
</pre>
</body>
</html>
